[23:04:50] [PTM]Al_Pacino started base ID 85 (Abandoned Airport)
[23:05:52] Round Ended - Base ID 85
[23:05:55] [PTM]Al_Pacino started base ID 28 (Tierra Robada)
[23:06:10] Round Ended - Base ID 28
[17:53:37] [PTM]blAckzOnE_ started base ID 102 (Custom Base)
[17:54:25] Round Ended - Base ID 102
[17:54:30] [PTM]blAckzOnE_ started base ID 23 (LV Abandoned Building)
[17:57:50] * [PTMm]TUROK killed [PTM]blAckzOnE_ (HP: 11 / 20.2 ft) Weapon: Sniper Rifle
[17:57:50] Round Ended - Base ID 23
[17:58:52] [PTM]blAckzOnE_ started base ID 103 (Custom Base)
[18:00:58] * [PTM]blAckzOnE_ killed [PTMm]MoN_ (HP: 16 / 8.1 ft) Weapon: Pump Shotgun
[18:00:58] Round Ended - Base ID 103
[18:01:54] [PTM]blAckzOnE_ started base ID 52 (Wangs Cars)
[18:05:06] * [PTM]blAckzOnE_ killed [PTMm]TUROK (HP: 198 / 5.9 ft) Weapon: Pump Shotgun
[18:05:07] Round Ended - Base ID 52
[18:05:28] [PTM]blAckzOnE_ started base ID 124 (Custom Base)
[18:06:21] Round Ended - Base ID 124
[19:05:19] [PTM]Al_Pacino started base ID 104 (Custom Base)
[19:09:29] [PTM]Al_Pacino started base ID 76 (LS Hotel (Interior))
[19:09:44] Round Ended - Base ID 76
[19:09:48] [PTM]Al_Pacino started base ID 130 (Custom Base)
[19:10:07] Round Ended - Base ID 130
[19:10:11] [PTM]Al_Pacino started base ID 80 (LS Parking Building)
[19:14:10] * [revs]lucasek killed [PTM]matrix4057 (HP: 154 / 13.3 ft) Weapon: Desert Eagle
[19:14:45] * revs.sku killed [PTM]jesuZ_mariaN (HP: 128 / 27.5 ft) Weapon: Pump Shotgun
[19:14:55] * [PTM]Al_Pacino killed HeavY (HP: 200 / 12.8 ft) Weapon: Combat Shotgun
[19:15:10] * [PTM]mefff killed ChicksLoveMe. (HP: 150 / 7.6 ft) Weapon: Pump Shotgun
[19:15:13] * revs.sku killed [PTM]Wojtekez (HP: 108 / 26.0 ft) Weapon: Desert Eagle
[19:15:13] * [PTM]Al_Pacino killed [revs]lucasek (HP: 74 / 20.5 ft) Weapon: Combat Shotgun
[19:16:47] * [PTM]Al_Pacino killed [revs]blajnd (HP: 74 / 27.0 ft) Weapon: Combat Shotgun
[19:16:47] * [PTM]Al_Pacino killed [revs]dev (HP: 74 / 14.8 ft) Weapon: Combat Shotgun
[19:16:53] * revs.sku killed [PTM]mefff (HP: 75 / 3.5 ft) Weapon: Desert Eagle
[19:16:59] * [PTM]Al_Pacino killed revs.sku (HP: 74 / 5.2 ft) Weapon: Combat Shotgun
[19:16:59] Round Ended - Base ID 80
[19:17:21] [PTM]Al_Pacino started base ID 44 (Madd Dogg's Mansion (Interior))
[19:17:39] Round Ended - Base ID 44
[19:17:45] [PTM]Al_Pacino started base ID 33 (Angel Pine Storage)
[19:22:33] * [PTMm]MoN_ killed revs.sku (HP: 153 / 37.1 ft) Weapon: M4
[19:22:37] * [PTM]jesuZ_mariaN killed ChicksLoveMe. (HP: 200 / 145.2 ft) Weapon: Sniper Rifle
[19:22:52] * [PTM]matrix4057 killed [revs]lucasek (HP: 156 / 8.0 ft) Weapon: Combat Shotgun
[19:22:54] * [PTM]Wojtekez killed HeavY (HP: 200 / 7.5 ft) Weapon: Desert Eagle
[19:23:10] * [PTMm]MoN_ killed [revs]dev (HP: 153 / 13.9 ft) Weapon: M4
[19:23:50] Round Ended - Base ID 33
[19:24:04] [PTM]Al_Pacino started base ID 27 (Starfish Casino Garage)
[19:26:40] * [PTM]matrix4057 killed [revs]lucasek (HP: 200 / 26.9 ft) Weapon: Combat Shotgun
[19:27:26] * [PTM]jesuZ_mariaN killed [revs]blajnd (HP: 158 / 156.5 ft) Weapon: Sniper Rifle
[19:28:03] * [PTM]mefff killed [revs]dev (HP: 138 / 5.5 ft) Weapon: Pump Shotgun
[19:30:16] * [PTM]matrix4057 killed ChicksLoveMe. (HP: 54 / 3.2 ft) Weapon: Combat Shotgun
[19:30:18] * [PTMm]TUROK killed HeavY (HP: 61 / 3.8 ft) Weapon: Desert Eagle
[19:30:19] Round Ended - Base ID 27
[19:30:27] [PTM]Al_Pacino started base ID 124 (Custom Base)
[19:33:02] * [revs]blajnd killed [PTM]matrix4057 (HP: 41 / 17.1 ft) Weapon: Pump Shotgun
[19:33:56] * [revs]jonashek killed [PTMm]TUROK (HP: 167 / 140.1 ft) Weapon: Sniper Rifle
[19:34:40] * [PTM]Wojtekez killed HeavY (HP: 61 / 13.7 ft) Weapon: Desert Eagle
[19:34:57] * [PTM]Wojtekez killed ChicksLoveMe. (HP: 61 / 1.7 ft) Weapon: Desert Eagle
[19:35:16] * [revs]blajnd killed [PTM]Wojtekez (HP: 33 / 5.4 ft) Weapon: Pump Shotgun
[19:35:20] * [revs]lucasek killed [PTM]mefff (HP: 8 / 36.4 ft) Weapon: Desert Eagle
[19:36:06] * [PTM]Al_Pacino killed [revs]blajnd (HP: 24 / 19.4 ft) Weapon: Pump Shotgun
[19:37:36] * [PTM]jesuZ_mariaN killed [revs]lucasek (HP: 14 / 99.1 ft) Weapon: Sniper Rifle
[19:38:45] * [revs]jonashek killed [PTM]Al_Pacino (HP: 25 / 67.3 ft) Weapon: Sniper Rifle
[19:39:47] * [PTM]jesuZ_mariaN killed [revs]dev (HP: 7 / 6.9 ft) Weapon: Pump Shotgun
[19:40:12] * [revs]jonashek killed [PTM]jesuZ_mariaN (HP: 25 / 96.6 ft) Weapon: Sniper Rifle
[19:40:13] Round Ended - Base ID 124
[19:40:22] [PTM]Al_Pacino started base ID 43 (SF Crack Warehouse)
[19:46:39] * [revs]dev killed [PTMm]TUROK (HP: 81 / 17.4 ft) Weapon: Pump Shotgun
[19:47:57] * HeavY killed [PTM]Al_Pacino (HP: 130 / 27.4 ft) Weapon: Desert Eagle
[19:48:19] * ChicksLoveMe. killed [PTM]jesuZ_mariaN (HP: 93 / 12.3 ft) Weapon: Desert Eagle
[19:48:20] * ChicksLoveMe. killed [PTM]mefff (HP: 93 / 13.4 ft) Weapon: Desert Eagle
[19:48:29] * [PTMm]MoN_ killed [revs]blajnd (HP: 12 / 6.8 ft) Weapon: Desert Eagle
[19:48:30] * [PTM]matrix4057 killed [revs]lucasek (HP: 155 / 13.7 ft) Weapon: Pump Shotgun
[19:48:35] * [PTM]matrix4057 killed [revs]dev (HP: 148 / 15.6 ft) Weapon: Sniper Rifle
[19:48:41] * ChicksLoveMe. killed [PTMm]MoN_ (HP: 93 / 9.3 ft) Weapon: Pump Shotgun
[19:49:28] Round Ended - Base ID 43
[19:55:23] [PTM]Al_Pacino started base ID 29 (Jizzy's Rooftop)
[19:59:35] * [PTM]Wojtekez killed [revs]lucasek (HP: 119 / 18.0 ft) Weapon: Desert Eagle
[19:59:57] * [PTM]matrix4057 killed HeavY (HP: 160 / 9.3 ft) Weapon: Combat Shotgun
[20:00:01] * [PTM]Al_Pacino killed ChicksLoveMe. (HP: 34 / 28.0 ft) Weapon: Desert Eagle
[20:00:11] * [PTM]Al_Pacino killed [revs]blajnd (HP: 34 / 7.0 ft) Weapon: Desert Eagle
[20:00:33] Round Ended - Base ID 29
[20:00:48] [PTM]Al_Pacino started base ID 134 (Custom Base)
[20:01:03] Round Ended - Base ID 134
[20:01:08] [PTM]Al_Pacino started base ID 13 (Las Payasadas)
[20:01:35] Round Ended - Base ID 13
[20:01:39] [PTM]Al_Pacino started base ID 105 (Custom Base)
[20:03:53] * [PTM]jesuZ_mariaN killed ChicksLoveMe. (HP: 200 / 3.5 ft) Weapon: Pump Shotgun
[20:04:11] * [PTM]jesuZ_mariaN killed [revs]lucasek (HP: 200 / 57.6 ft) Weapon: Sniper Rifle
[20:04:29] * [PTM]Wojtekez killed HeavY (HP: 58 / 7.7 ft) Weapon: Desert Eagle
[20:04:30] * [PTM]Al_Pacino killed [revs]blajnd (HP: 112 / 12.6 ft) Weapon: Pump Shotgun
[20:04:59] * [PTM]jesuZ_mariaN killed [revs]jonashek (HP: 117 / 3.6 ft) Weapon: Pump Shotgun
[20:04:59] Round Ended - Base ID 105
[20:05:05] [PTM]Al_Pacino started base ID 22 (Grove Street)
[20:07:44] * [PTM]mefff killed ChicksLoveMe. (HP: 101 / 11.4 ft) Weapon: Desert Eagle
[20:07:56] * [PTM]Al_Pacino killed [revs]jonashek (HP: 114 / 33.3 ft) Weapon: M4
[20:07:59] * [PTM]Wojtekez killed HeavY (HP: 53 / 6.2 ft) Weapon: Desert Eagle
[20:08:11] * [PTM]mefff killed [revs]blajnd (HP: 96 / 20.7 ft) Weapon: Pump Shotgun
[20:08:29] * [PTM]Wojtekez killed [revs]lucasek (HP: 53 / 3.0 ft) Weapon: Desert Eagle
[20:08:30] Round Ended - Base ID 22
[20:08:35] [PTM]matrix4057 started TDM ID 6 (Las Barrancadas)
[20:09:41] * [PTM]Al_Pacino killed [revs]blajnd (HP: 152 / 23.4 ft) Weapon: Desert Eagle
[20:10:06] * [PTM]Wojtekez killed HeavY (HP: 104 / 3.0 ft) Weapon: Desert Eagle
[20:10:11] * [PTM]jesuZ_mariaN killed [revs]jonashek (HP: 92 / 16.5 ft) Weapon: Sniper Rifle
[20:10:12] * ChicksLoveMe. killed [PTM]Wojtekez (HP: 153 / 13.2 ft) Weapon: Desert Eagle
[20:10:24] * [PTM]mefff killed [revs]lucasek (HP: 107 / 7.2 ft) Weapon: Pump Shotgun
[20:10:26] * [PTM]matrix4057 killed ChicksLoveMe. (HP: 100 / 22.3 ft) Weapon: Combat Shotgun
[20:10:26] Round Ended - TDM - Stealth & Survive ID 6
[20:52:07] [PTM]Al_Pacino started base ID 101 (Custom Base)
[20:52:42] Round Ended - Base ID 101
[20:52:46] [PTM]Al_Pacino started base ID 3 (SF Police Dep.)
[21:00:07] * [POL]s killed [PTM]evol (HP: 23 / 52.7 ft) Weapon: M4
[21:00:08] * [POL]Wojtekez killed [PTM]Al_Pacino (HP: 3 / 19.4 ft) Weapon: Combat Shotgun
[21:00:16] * [POL]ezol killed [PTM]matrix4057 (HP: 67 / 39.2 ft) Weapon: Sniper Rifle
[21:00:18] * [PTMm]TUROK killed [POL]Wojtekez (HP: 28 / 19.5 ft) Weapon: Pump Shotgun
[21:00:30] * [POL]s killed [PTMm]TUROK (HP: 23 / 16.5 ft) Weapon: M4
[21:00:30] Round Ended - Base ID 3
[21:00:39] [PTM]Al_Pacino started base ID 129 (Custom Base)
[21:07:30] * [PTM]matrix4057 killed [POL]Wojtekez (HP: 71 / 4.5 ft) Weapon: Pump Shotgun
[21:08:48] * [POL]s killed [PTMm]TUROK (HP: 55 / 5.4 ft) Weapon: Pump Shotgun
[21:09:07] * [POL]ezol killed [PTM]Al_Pacino (HP: 103 / 80.7 ft) Weapon: Sniper Rifle
[21:09:25] * [POL]silooooN killed [PTM]evol (HP: 102 / 16.0 ft) Weapon: Desert Eagle
[21:09:55] * [PTM]matrix4057 killed [POL]ezol (HP: 29 / 90.1 ft) Weapon: Sniper Rifle
[21:10:25] * [POL]silooooN killed [PTM]matrix4057 (HP: 65 / 8.1 ft) Weapon: Desert Eagle
[21:10:26] Round Ended - Base ID 129
[21:10:33] [PTM]Al_Pacino started base ID 63 (East Los Santos Garage)
[21:13:09] * [PTM]Al_Pacino killed [POL]ezol (HP: 4 / 16.3 ft) Weapon: Pump Shotgun
[21:13:17] * [POL]Wojtekez killed [PTM]Al_Pacino (HP: 106 / 36.4 ft) Weapon: Combat Shotgun
[21:14:16] * [POL]Wojtekez killed [PTM]evol (HP: 12 / 25.3 ft) Weapon: Combat Shotgun
[21:14:21] * [PTM]preda killed [POL]Wojtekez (HP: 8 / 8.0 ft) Weapon: Combat Shotgun
[21:14:28] * [POL]silooooN killed [PTM]preda (HP: 26 / 19.4 ft) Weapon: Pump Shotgun
[21:14:29] * [POL]silooooN killed [PTM]matrix4057 (HP: 26 / 21.9 ft) Weapon: Desert Eagle
[21:14:30] Round Ended - Base ID 63
[21:15:00] [PTM]Al_Pacino started base ID 83 (Vank Hoff in the Park)
[21:18:50] * [PTM]Al_Pacino killed [POL]s (HP: 154 / 41.5 ft) Weapon: M4
[21:18:56] * [PTM]preda killed [POL]silooooN (HP: 54 / 19.2 ft) Weapon: Combat Shotgun
[21:19:08] * [PTM]evol killed [POL]Wojtekez (HP: 86 / 44.4 ft) Weapon: Sniper Rifle
[21:19:41] * [POL]ezol killed [PTM]matrix4057 (HP: 66 / 4.0 ft) Weapon: Sniper Rifle
[21:19:43] * [PTM]evol killed [POL]ezol (HP: 44 / 115.5 ft) Weapon: Sniper Rifle
[21:19:44] Round Ended - Base ID 83
[21:19:59] [PTM]Al_Pacino started base ID 28 (Tierra Robada)
[21:24:23] * [PTM]Al_Pacino killed [POL]s (HP: 17 / 12.4 ft) Weapon: Pump Shotgun
[21:24:24] * [POL]ezol killed [PTM]Al_Pacino (HP: 196 / 41.5 ft) Weapon: Sniper Rifle
[21:24:44] * [PTM]preda killed [POL]Wojtekez (HP: 3 / 15.4 ft) Weapon: Combat Shotgun
[21:24:44] * [POL]silooooN killed [PTM]preda (HP: 142 / 12.6 ft) Weapon: Pump Shotgun
[21:25:13] * [POL]ezol killed [PTM]evol (HP: 196 / 3.6 ft) Weapon: Sniper Rifle
[21:25:24] * [POL]silooooN killed [PTM]matrix4057 (HP: 72 / 1.1 ft) Weapon: N/A
[21:25:24] Round Ended - Base ID 28
[21:25:29] [PTM]Al_Pacino started base ID 29 (Jizzy's Rooftop)
[21:28:39] * [PTM]matrix4057 killed [POL]Wojtekez (HP: 193 / 12.4 ft) Weapon: Pump Shotgun
[21:28:41] * [PTM]evol killed [POL]ezol (HP: 200 / 179.5 ft) Weapon: Sniper Rifle
[21:28:44] * [PTM]Al_Pacino killed [POL]silooooN (HP: 49 / 13.9 ft) Weapon: Pump Shotgun
[21:28:45] Round Ended - Base ID 29
[21:28:59] [PTM]Al_Pacino started base ID 100 (Custom Base)
[21:29:12] Round Ended - Base ID 100
[21:29:15] [PTM]Al_Pacino started base ID 67 (Commerce Underground)
[21:32:22] * [POL]silooooN killed [PTM]matrix4057 (HP: 200 / 11.5 ft) Weapon: Desert Eagle
[21:32:46] * [POL]ezol killed [PTM]Al_Pacino (HP: 153 / 1.5 ft) Weapon: Pump Shotgun
[21:32:49] * [POL]Wojtekez killed [PTM]preda (HP: 68 / 3.2 ft) Weapon: Combat Shotgun
[21:33:10] * [POL]silooooN killed [PTM]evol (HP: 153 / 9.5 ft) Weapon: Desert Eagle
[21:33:10] Round Ended - Base ID 67
[21:33:17] [PTM]Al_Pacino started base ID 16 (Emerald Island Garage)
[21:37:33] * [POL]s killed [PTM]matrix4057 (HP: 56 / 8.2 ft) Weapon: Pump Shotgun
[21:37:39] * [PTM]Al_Pacino killed [POL]s (HP: 41 / 6.3 ft) Weapon: Combat Shotgun
[21:37:45] * [PTM]Al_Pacino killed [POL]Wojtekez (HP: 1 / 16.8 ft) Weapon: Combat Shotgun
[21:38:26] * [PTM]preda killed [POL]ezol (HP: 61 / 3.0 ft) Weapon: Desert Eagle
[21:38:52] * [PTM]preda killed [POL]silooooN (HP: 38 / 10.1 ft) Weapon: Pump Shotgun
[21:38:52] Round Ended - Base ID 16
[21:39:00] [PTM]Al_Pacino started base ID 62 (Ballas Motel)
[21:39:21] Round Ended - Base ID 62
[21:39:56] [PTM]Al_Pacino started TDM ID 5 (Ocean Flats Suburbs)
[21:41:06] * [PTM]Al_Pacino killed [POL]ezol (HP: 158 / 7.8 ft) Weapon: Pump Shotgun
[21:41:22] * [PTM]preda killed [POL]Wojtekez (HP: 90 / 3.1 ft) Weapon: AK47
[21:41:43] * [PTM]evol killed [POL]silooooN (HP: 124 / 56.1 ft) Weapon: Sniper Rifle
[21:42:06] * [PTMm]TUROK killed [POL]s (HP: 21 / 4.7 ft) Weapon: Desert Eagle
[21:42:07] Round Ended - TDM - Stealth & Survive ID 5
[17:11:57] [PTM]blAckzOnE_ started base ID 89 (Valet Parking)
[17:15:06] * [PTM]preda killed [RocK]Kumpis (HP: 200 / 2.9 ft) Weapon: Desert Eagle
[17:15:50] * [PTM]preda killed [Rock]Eazy_e (HP: 175 / 12.5 ft) Weapon: Pump Shotgun
[17:15:58] * [Rock]Adz killed [PTM]blAckzOnE_ (HP: 10 / 9.5 ft) Weapon: Combat Shotgun
[17:16:06] * [PTM]preda killed [Rock]Adz (HP: 175 / 13.7 ft) Weapon: Desert Eagle
[17:16:07] * [PTM]Wojtekez killed [Rock]Raviossa. (HP: 114 / 22.1 ft) Weapon: Desert Eagle
[17:16:08] Round Ended - Base ID 89
[17:16:55] [PTM]MATRIX4057 started base ID 52 (Wangs Cars)
[17:18:40] * [PTM]Wojtekez killed [RocK]Kumpis (HP: 200 / 30.5 ft) Weapon: Desert Eagle
[17:19:05] * [PTM]preda killed [Rock]Adz (HP: 91 / 8.2 ft) Weapon: Pump Shotgun
[17:19:18] * [PTM]MATRIX4057 killed [Rock]Eazy_e (HP: 76 / 12.9 ft) Weapon: Pump Shotgun
[17:19:19] * [PTM]preda killed [Rock]Raviossa. (HP: 44 / 9.9 ft) Weapon: Desert Eagle
[17:19:19] Round Ended - Base ID 52
[17:20:18] [PTM]blAckzOnE_ started base ID 115 (Custom Base)
[17:24:06] * [PTM]Wojtekez killed [Rock]Adz (HP: 13 / 31.5 ft) Weapon: Desert Eagle
[17:24:18] * [Rock]Eazy_e killed [PTM]Wojtekez (HP: 8 / 11.3 ft) Weapon: Pump Shotgun
[17:24:24] * [PTM]preda killed [Rock]Raviossa. (HP: 157 / 26.9 ft) Weapon: Desert Eagle
[17:24:40] * [PTM]preda killed [Rock]Eazy_e (HP: 137 / 17.4 ft) Weapon: Pump Shotgun
[17:24:40] Round Ended - Base ID 115
[17:25:02] [PTM]MATRIX4057 started base ID 43 (SF Crack Warehouse)
[17:27:04] * [PTM]blAckzOnE_ killed [Rock]Adz (HP: 200 / 34.9 ft) Weapon: Combat Shotgun
[17:27:22] * [PTM]Wojtekez killed [Rock]Eazy_e (HP: 92 / 13.0 ft) Weapon: Desert Eagle
[17:27:41] * [PTM]blAckzOnE_ killed [Rock]Raviossa. (HP: 200 / 13.3 ft) Weapon: Country Rifle
[17:27:42] Round Ended - Base ID 43
[17:31:33] [PTM]blAckzOnE_ started base ID 69 (Foster Valley)
[17:38:56] * [PTM]blAckzOnE_ killed [PTM]preda (HP: 30 / 7.6 ft) Weapon: Desert Eagle
[17:38:56] Round Ended - Base ID 69
[17:40:53] [PTM]blAckzOnE_ started base ID 22 (Grove Street)
[17:41:18] Round Ended - Base ID 22
[17:43:53] [PTM]MATRIX4058 started base ID 9 (Montgomery)
[17:46:52] * [PTM]preda killed [PTM]blAckzOnE_ (HP: 81 / 13.3 ft) Weapon: Desert Eagle
[17:47:22] * [PTM]hp killed [PTM]MATRIX4058 (HP: 200 / 64.7 ft) Weapon: Sniper Rifle
[17:47:33] Round Ended - Base ID 9
[17:47:56] [PTM]blAckzOnE_ started base ID 9 (Montgomery)
[17:50:59] * [PTM]MATRIX4058 killed [PTM]blAckzOnE_ (HP: 107 / 74.0 ft) Weapon: Sniper Rifle
[17:56:41] * [PTM]MATRIX4058 killed [PTM]hp (HP: 82 / 14.6 ft) Weapon: Sniper Rifle
[17:56:41] Round Ended - Base ID 9
[17:57:19] [PTM]MATRIX4058 started base ID 42 (Angel pines Junkyard)
[17:59:40] * [PTM]preda killed [PTMm]TUROK (HP: 143 / 18.7 ft) Weapon: Sniper Rifle
[18:00:44] * [PTM]preda killed [PTM]blAckzOnE_ (HP: 55 / 7.7 ft) Weapon: Sniper Rifle
[18:03:24] * [PTM]hp killed [PTM]preda (HP: 29 / 10.7 ft) Weapon: Pump Shotgun
[18:03:24] * [PTM]preda killed [PTM]hp (HP: 4 / 10.7 ft) Weapon: Sniper Rifle
[18:03:25] Round Ended - Base ID 42
[18:03:52] [PTM]MATRIX4058 started base ID 52 (Wangs Cars)
[18:07:21] * [PTM]blAckzOnE_ killed [PTM]MATRIX4058 (HP: 140 / 10.9 ft) Weapon: Desert Eagle
[18:07:53] Round Ended - Base ID 52
[18:08:56] [PTM]MATRIX4058 started base ID 36 (Yellow Bell Station)
[18:12:18] * [PTM]blAckzOnE_ killed [PTM]preda (HP: 55 / 11.0 ft) Weapon: Pump Shotgun
[18:16:15] * [PTM]MATRIX4058 killed [PTM]blAckzOnE_ (HP: 106 / 2.8 ft) Weapon: Pump Shotgun
[18:17:59] * [PTM]MATRIX4058 killed [PTM]Phz (HP: 10 / 14.3 ft) Weapon: Pump Shotgun
[18:18:04] * [PTMm]TUROK killed [PTM]MATRIX4058 (HP: 153 / 11.2 ft) Weapon: Pump Shotgun
[18:18:05] Round Ended - Base ID 36
[18:24:08] [PTM]blAckzOnE_ started base ID 22 (Grove Street)
[18:27:14] * [PTM]preda killed [Rk]Duality. (HP: 33 / 10.6 ft) Weapon: Combat Shotgun
[18:27:37] * [PTM]preda killed [Rk]Striker (HP: 33 / 6.8 ft) Weapon: AK47
[18:27:54] * [Rk]Vixxi killed [PTMm]TUROK (HP: 61 / 71.7 ft) Weapon: Sniper Rifle
[18:28:02] * [PTM]preda killed New (HP: 33 / 8.1 ft) Weapon: Combat Shotgun
[18:28:19] * [Rk]P3P37R killed [PTM]MATRIX4058 (HP: 2 / 36.3 ft) Weapon: Combat Shotgun
[18:28:22] * [PTM]blAckzOnE_ killed [Rk]Vixxi (HP: 59 / 37.1 ft) Weapon: M4
[18:28:23] * [PTM]preda killed [Rk]P3P37R (HP: 1 / 54.7 ft) Weapon: AK47
[18:28:24] Round Ended - Base ID 22
[18:28:47] [PTM]MATRIX4058 started base ID 101 (Custom Base)
[18:29:11] Round Ended - Base ID 101
[18:29:15] [PTM]MATRIX4058 started base ID 133 (Custom Base)
[18:31:09] * [PTM]blAckzOnE_ killed [Rk]Striker (HP: 190 / 9.6 ft) Weapon: Pump Shotgun
[18:31:44] * [PTM]blAckzOnE_ killed [Rk]Duality. (HP: 148 / 19.2 ft) Weapon: M4
[18:32:05] * [Rk]P3P37R killed [PTMm]TUROK (HP: 44 / 9.9 ft) Weapon: Combat Shotgun
[18:32:11] * [PTM]MATRIX4058 killed [Rk]P3P37R (HP: 87 / 17.3 ft) Weapon: Desert Eagle
[18:32:42] * [Rk]Vixxi killed [PTM]preda (HP: 94 / 41.9 ft) Weapon: Sniper Rifle
[18:33:07] * [PTM]blAckzOnE_ killed [Rk]Vixxi (HP: 48 / 12.4 ft) Weapon: M4
[18:33:10] * [PTM]blAckzOnE_ killed New (HP: 18 / 16.8 ft) Weapon: M4
[18:33:10] Round Ended - Base ID 133
[18:33:26] [PTM]MATRIX4058 started base ID 54 (Unity Station)
[18:36:21] * [PTM]preda killed [Rk]C3L0X. (HP: 155 / 6.3 ft) Weapon: Desert Eagle
[18:36:33] * [PTMm]TUROK killed [Rk]Striker (HP: 160 / 24.9 ft) Weapon: Combat Shotgun
[18:36:36] * [PTM]preda killed New (HP: 155 / 18.3 ft) Weapon: Desert Eagle
[18:36:55] * [Rk]Duality. killed [PTM]blAckzOnE_ (HP: 21 / 7.9 ft) Weapon: Desert Eagle
[18:36:55] * [PTM]MATRIX4058 killed [Rk]Duality. (HP: 190 / 5.9 ft) Weapon: Desert Eagle
[18:38:21] * [PTM]preda killed [Rk]P3P37R (HP: 109 / 21.8 ft) Weapon: Pump Shotgun
[18:38:21] Round Ended - Base ID 54
[18:38:42] [PTM]MATRIX4058 started base ID 87 (Leafy Hollow)
[18:40:28] * [Rk]P3P37R killed [PTMm]TUROK (HP: 200 / 5.6 ft) Weapon: Combat Shotgun
[18:41:57] * [PTM]preda killed New (HP: 63 / 17.4 ft) Weapon: Pump Shotgun
[18:42:11] * [PTM]hp killed [Rk]Striker (HP: 150 / 76.6 ft) Weapon: Sniper Rifle
[18:42:20] * [PTM]blAckzOnE_ killed [Rk]Duality. (HP: 58 / 34.3 ft) Weapon: M4
[18:42:36] * [PTM]blAckzOnE_ killed [Rk]C3L0X. (HP: 58 / 9.6 ft) Weapon: M4
[18:42:50] * [PTM]hp killed [Rk]P3P37R (HP: 150 / 66.9 ft) Weapon: Sniper Rifle
[18:42:51] Round Ended - Base ID 87
[18:43:04] [PTM]MATRIX4058 started base ID 40 (Mama's House)
[18:45:30] * [Rk]P3P37R killed [PTM]blAckzOnE_ (HP: 77 / 28.9 ft) Weapon: AK47
[18:46:22] * [PTM]hp killed [Rk]Duality. (HP: 120 / 8.8 ft) Weapon: Pump Shotgun
[18:46:30] * New killed [PTM]preda (HP: 30 / 12.0 ft) Weapon: M4
[18:46:34] * New killed [PTMm]TUROK (HP: 30 / 3.3 ft) Weapon: Pump Shotgun
[18:47:55] * [PTM]MATRIX4058 killed [Rk]ChatO_ (HP: 8 / 24.6 ft) Weapon: Pump Shotgun
[18:49:00] * [Rk]P3P37R killed [PTM]MATRIX4058 (HP: 28 / 49.1 ft) Weapon: AK47
[18:49:07] * [PTM]hp killed New (HP: 56 / 159.7 ft) Weapon: Sniper Rifle
[18:53:19] * [PTM]hp killed [Rk]Striker (HP: 56 / 164.8 ft) Weapon: Sniper Rifle
[18:54:19] Round Ended - Base ID 40
[18:55:09] [PTM]MATRIX4058 started base ID 112 (Custom Base)
[18:56:44] Round Ended - Base ID 112
[18:07:52] [PTM]Al_Pacino started base ID 61 (Las Colinas)
[18:09:47] * Adelyn_ killed [PTM]Al_Pacino (HP: 165 / 7.6 ft) Weapon: Desert Eagle
[18:09:48] Round Ended - Base ID 61
[18:09:52] [PTM]Al_Pacino started base ID 99 (Custom Base)
[18:12:38] Round Ended - Base ID 99
[18:12:43] [PTM]Al_Pacino started base ID 71 (Chinatown Lockup)
[18:15:20] * [PTM]Al_Pacino killed Adelyn_ (HP: 35 / 7.0 ft) Weapon: Pump Shotgun
[18:15:21] Round Ended - Base ID 71
[18:15:25] [PTM]Al_Pacino started base ID 56 (Vinewood Country Club)
[18:16:54] * Adelyn_ killed [PTM]Al_Pacino (HP: 195 / 99.1 ft) Weapon: Sniper Rifle
[18:16:55] Round Ended - Base ID 56
[18:17:00] [PTM]Al_Pacino started base ID 13 (Las Payasadas)
[18:19:14] * [PTM]Al_Pacino killed Adelyn_ (HP: 193 / 6.7 ft) Weapon: Pump Shotgun
[18:19:15] Round Ended - Base ID 13
[18:19:19] [PTM]Al_Pacino started base ID 44 (Madd Dogg's Mansion (Interior))
[18:19:30] Round Ended - Base ID 44
[18:19:33] [PTM]Al_Pacino started base ID 14 (SF Parking Garage)
[18:22:15] * [PTM]Al_Pacino killed Adelyn_ (HP: 18 / 7.6 ft) Weapon: Pump Shotgun
[18:22:15] Round Ended - Base ID 14
[18:22:19] [PTM]Al_Pacino started base ID 19 (Verdant Bluffs Hotel)
[18:25:17] * [PTM]Al_Pacino killed Adelyn_ (HP: 148 / 9.2 ft) Weapon: Pump Shotgun
[18:25:17] Round Ended - Base ID 19
[18:25:22] [PTM]Al_Pacino started base ID 110 (Custom Base)
[18:28:25] * Adelyn_ killed [PTM]Al_Pacino (HP: 51 / 6.3 ft) Weapon: Pump Shotgun
[18:28:26] Round Ended - Base ID 110
[18:28:31] [PTM]Al_Pacino started base ID 12 (Ocean Docks Warehouse)
[18:31:25] * Adelyn_ killed [PTM]Al_Pacino (HP: 57 / 5.4 ft) Weapon: Pump Shotgun
[18:31:25] Round Ended - Base ID 12
[17:47:28] [PTM]Al_Pacino started base ID 78 (LS Construction Site)
[17:51:05] * [PTMm]MoN_ killed [PTM]blAckzOnE_ (HP: 150 / 5.7 ft) Weapon: Desert Eagle
[17:51:20] * [PTMm]MoN_ killed Th3PaKySTaN (HP: 104 / 9.4 ft) Weapon: Desert Eagle
[17:51:22] * kydo killed [PTM]Al_Pacino (HP: 180 / 58.5 ft) Weapon: Sniper Rifle
[17:52:11] * kydo killed [PTMm]MoN_ (HP: 175 / 18.0 ft) Weapon: Pump Shotgun
[17:54:58] * [PTM]Phz killed kydo (HP: 158 / 88.1 ft) Weapon: Sniper Rifle
[17:54:59] Round Ended - Base ID 78
[17:55:04] [PTM]Al_Pacino started base ID 114 (Custom Base)
[17:56:55] * [PTM]Al_Pacino killed kydo (HP: 129 / 10.6 ft) Weapon: Pump Shotgun
[17:59:09] * [PTMm]MoN_ killed [PTM]blAckzOnE_ (HP: 155 / 6.8 ft) Weapon: Pump Shotgun
[17:59:51] Round Ended - Base ID 114
[17:59:59] [PTM]blAckzOnE_ started base ID 64 (East LS Housing Complex)
[18:03:39] * [PTM]Al_Pacino killed kydo (HP: 157 / 24.1 ft) Weapon: Desert Eagle
[18:04:03] * [PTM]Al_Pacino killed Th3PaKySTaN (HP: 64 / 26.2 ft) Weapon: Pump Shotgun
[18:05:02] * [PTM]blAckzOnE_ killed [PTM]Al_Pacino (HP: 42 / 11.2 ft) Weapon: Sniper Rifle
[18:05:05] * [PTMm]MoN_ killed [PTM]blAckzOnE_ (HP: 142 / 1.3 ft) Weapon: Pump Shotgun
[18:05:05] Round Ended - Base ID 64
[18:05:10] [PTM]Al_Pacino started base ID 110 (Custom Base)
[18:05:50] Round Ended - Base ID 110
[18:08:08] [PTM]Al_Pacino started base ID 22 (Grove Street)
[18:11:54] * [PTM]M4TRIX4057 killed [PTM]Al_Pacino (HP: 150 / 31.3 ft) Weapon: Combat Shotgun
[18:12:03] * [PTM]evol killed Th3PaKySTaN (HP: 200 / 78.1 ft) Weapon: Sniper Rifle
[18:12:38] * [PTM]evol killed [PTM]Phz (HP: 200 / 96.6 ft) Weapon: Sniper Rifle
[18:12:39] Round Ended - Base ID 22
[18:12:52] [PTM]Al_Pacino started base ID 32 (SF Police Dep.)
[18:13:28] * [PTM]M4TRIX4057 killed [PTM]Al_Pacino (HP: 200 / 5.3 ft) Weapon: Combat Shotgun
[18:17:49] * [PTM]Al_Pacino killed Th3PaKySTaN (HP: 53 / 28.1 ft) Weapon: Combat Shotgun
[18:17:56] * [PTM]evol killed [PTM]M4TRIX4057 (HP: 46 / 28.7 ft) Weapon: Desert Eagle
[18:18:16] * [PTMm]MoN_ killed [PTM]Al_Pacino (HP: 71 / 26.7 ft) Weapon: Desert Eagle
[18:19:15] * [PTMm]MoN_ killed [PTM]evol (HP: 31 / 17.3 ft) Weapon: Desert Eagle
[18:19:20] * [PTMm]MoN_ killed [PTM]Phz (HP: 31 / 12.5 ft) Weapon: Pump Shotgun
[18:19:21] Round Ended - Base ID 32
[18:19:26] [PTM]Al_Pacino started base ID 79 (Marina Houses)
[18:22:55] * Th3PaKySTaN killed [PTM]evol (HP: 157 / 3.5 ft) Weapon: Desert Eagle
[18:25:00] * [PTMm]jenkys killed [PTM]Al_Pacino (HP: 100 / 16.0 ft) Weapon: Pump Shotgun
[18:25:52] Round Ended - Base ID 79
[18:26:14] [PTM]Al_Pacino started base ID 69 (Foster Valley)
[18:28:46] * Th3PaKySTaN killed [PTM]Al_Pacino (HP: 200 / 12.1 ft) Weapon: Desert Eagle
[18:29:20] * [PTM]PREDA killed [PTMm]MoN_ (HP: 80 / 48.9 ft) Weapon: Desert Eagle
[18:30:07] * Th3PaKySTaN killed punkers.Predator_ (HP: 170 / 17.1 ft) Weapon: Pump Shotgun
[18:31:46] * [PTM]M4TRIX4057 killed [PTM]evol (HP: 64 / 128.5 ft) Weapon: Sniper Rifle
[18:31:54] * [PTM]Phz killed [PTMm]jenkys (HP: 130 / 6.5 ft) Weapon: Pump Shotgun
[18:33:21] * Th3PaKySTaN killed [PTM]Phz (HP: 54 / 5.7 ft) Weapon: Desert Eagle
[18:33:21] Round Ended - Base ID 69
[18:33:48] [PTM]Al_Pacino started base ID 23 (LV Abandoned Building)
[18:34:18] Round Ended - Base ID 23
[18:34:23] [PTM]Al_Pacino started base ID 43 (SF Crack Warehouse)
[18:36:51] * [PTM]Phz killed punkers_iser (HP: 200 / 18.7 ft) Weapon: Pump Shotgun
[18:37:49] * punkers.Predator_ killed [PTM]evol (HP: 117 / 20.1 ft) Weapon: Combat Shotgun
[18:38:21] * [PTMm]jenkys killed [PTM]M4TRIX4057 (HP: 193 / 21.1 ft) Weapon: Desert Eagle
[18:39:25] * [PTMm]jenkys killed Th3PaKySTaN (HP: 58 / 7.7 ft) Weapon: Desert Eagle
[18:39:35] * [PTMm]MoN_ killed [PTM]Phz (HP: 153 / 20.7 ft) Weapon: Desert Eagle
[18:39:53] * [PTMm]rugg3d killed [PTM]Al_Pacino (HP: 15 / 4.2 ft) Weapon: Desert Eagle
[18:40:08] * punkers.Predator_ killed [PTMm]rugg3d (HP: 5 / 4.1 ft) Weapon: MP5
[18:40:12] * [PTM]Wojtekez killed punkers.Predator_ (HP: 46 / 7.3 ft) Weapon: Pump Shotgun
[18:40:13] Round Ended - Base ID 43
[18:40:18] [PTM]Al_Pacino started base ID 122 (Custom Base)
[18:42:09] * punkers_iser killed Th3PaKySTaN (HP: 165 / 15.0 ft) Weapon: Pump Shotgun
[18:42:31] * punkers_iser killed punkers.Predator_ (HP: 135 / 30.9 ft) Weapon: Desert Eagle
[18:43:02] * [PTMm]MoN_ killed [PTM]Al_Pacino (HP: 158 / 10.2 ft) Weapon: Pump Shotgun
[18:44:25] * [PTMm]MoN_ killed [PTM]Phz (HP: 158 / 8.4 ft) Weapon: Pump Shotgun
[18:47:42] * [PTM]Wojtekez killed [PTM]M4TRIX4057 (HP: 118 / 6.4 ft) Weapon: Combat Shotgun
[18:47:42] Round Ended - Base ID 122
[18:47:56] [PTM]Al_Pacino started base ID 38 (Bone County House)
[18:52:13] * [PTMm]MoN_ killed [PTM]M4TRIX4057 (HP: 168 / 16.1 ft) Weapon: Pump Shotgun
[18:52:23] * Th3PaKySTaN killed [PTMm]jenkys (HP: 25 / 12.7 ft) Weapon: Desert Eagle
[18:52:24] * [PTMm]MoN_ killed Th3PaKySTaN (HP: 168 / 13.2 ft) Weapon: Desert Eagle
[18:52:32] * [PTM]evol killed [PTM]Al_Pacino (HP: 195 / 129.4 ft) Weapon: Sniper Rifle
[18:53:23] * [PTMm]MoN_ killed punkers.Predator_ (HP: 39 / 23.0 ft) Weapon: Desert Eagle
[18:53:42] * [GSF]thaz_ killed punkers_Jason (HP: 48 / 27.8 ft) Weapon: Desert Eagle
[18:54:12] * [PTM]Phz killed punkers_iser (HP: 114 / 24.1 ft) Weapon: Sniper Rifle
[18:54:13] Round Ended - Base ID 38
[18:54:32] [PTM]Al_Pacino started base ID 100 (Custom Base)
[18:55:15] * [PTM]Wojtekez killed [PTM]M4TRIX4057 (HP: 200 / 31.8 ft) Weapon: Combat Shotgun
[18:55:54] * punkers_iser killed Th3PaKySTaN (HP: 200 / 10.0 ft) Weapon: Desert Eagle
[18:56:16] * [PTMm]jenkys killed punkers_Jason (HP: 107 / 15.4 ft) Weapon: Desert Eagle
[18:56:21] * [PTM]evol killed [PTMm]rugg3d (HP: 180 / 28.8 ft) Weapon: Sniper Rifle
[18:56:40] * [PTM]Al_Pacino killed punkers_iser (HP: 196 / 21.2 ft) Weapon: Combat Shotgun
[18:56:48] * [PTM]Wojtekez killed [PTM]evol (HP: 109 / 9.6 ft) Weapon: Combat Shotgun
[18:56:56] * [PTMm]jenkys killed [PTM]Phz (HP: 61 / 17.6 ft) Weapon: Desert Eagle
[18:57:06] * [PTM]Al_Pacino killed [PTM]Wojtekez (HP: 99 / 5.2 ft) Weapon: Combat Shotgun
[18:57:23] * [GSF]thaz_ killed [PTM]Al_Pacino (HP: 158 / 12.5 ft) Weapon: Pump Shotgun
[18:57:23] Round Ended - Base ID 100
[18:57:32] [PTM]Al_Pacino started base ID 17 (Los Santos Market)
[19:00:31] * [PTM]Al_Pacino killed punkers_iser (HP: 102 / 6.0 ft) Weapon: Pump Shotgun
[19:01:14] * [PTM]Al_Pacino killed [PTM]Wojtekez (HP: 102 / 2.7 ft) Weapon: Pump Shotgun
[19:02:21] * [PTMm]MoN_ killed [PTM]Al_Pacino (HP: 27 / 15.3 ft) Weapon: Pump Shotgun
[19:03:21] * punkers_Jason killed [PTMm]MoN_ (HP: 37 / 17.9 ft) Weapon: Pump Shotgun
[19:03:34] * [PTMm]jenkys killed punkers_Jason (HP: 97 / 2.9 ft) Weapon: Desert Eagle
[19:03:57] * [GSF]thaz_ killed [PTM]Phz (HP: 25 / 1.8 ft) Weapon: Pump Shotgun
[19:04:22] * [GSF]thaz_ killed [PTM]evol (HP: 25 / 14.4 ft) Weapon: Sniper Rifle
[19:04:23] Round Ended - Base ID 17
[13:17:21] [PTM]preda started base ID 52 (Wangs Cars)
[13:21:15] * [PTM]preda killed GoshA13 (HP: 109 / 24.2 ft) Weapon: Pump Shotgun
[13:21:28] * [PTMm]Ruggedh killed [PTMm]jenkys (HP: 200 / 8.0 ft) Weapon: Pump Shotgun
[13:21:30] Round Ended - Base ID 52
[13:21:45] [PTM]preda started base ID 12 (Ocean Docks Warehouse)
[13:25:31] * GoshA13 killed [PTMm]jenkys (HP: 143 / 15.3 ft) Weapon: Desert Eagle
[13:26:33] * [PTMm]Ruggedh killed [PTM]preda (HP: 58 / 0.7 ft) Weapon: N/A
[13:26:33] Round Ended - Base ID 12
[13:27:48] [PTM]MATRIX4057 started base ID 49 (LS Market Place)
[13:28:47] Round Ended - Base ID 49
[13:31:51] [PTM]preda started TDM ID 10 (Warehouse 2 (Int))
[13:32:43] * GoshA13 killed [PTMm]jenkys (HP: 143 / 10.4 ft) Weapon: Pump Shotgun
[13:33:20] * [PTMm]Ruggedh killed [PTM]preda (HP: 8 / 6.7 ft) Weapon: Desert Eagle
[13:33:33] * GoshA13 killed [PTMm]Ruggedh (HP: 97 / 22.7 ft) Weapon: Pump Shotgun
[13:33:33] Round Ended - TDM - Stealth & Survive ID 10
[13:35:29] [PTM]preda started TDM ID 1 (Fort Carson)
[13:39:23] * [PTMm]jenkys killed GoshA13 (HP: 71 / 31.5 ft) Weapon: Sniper Rifle
[13:40:07] * [PTMm]jenkys killed [PTM]preda (HP: 71 / 10.8 ft) Weapon: Sniper Rifle
[13:40:07] Round Ended - TDM - Stealth & Survive ID 1
[13:40:15] [PTM]preda started TDM ID 1 (Fort Carson)
[13:43:05] * [PTMm]Ruggedh killed [PTM]preda (HP: 29 / 12.6 ft) Weapon: Desert Eagle
[13:43:06] * [PTMm]jenkys killed GoshA13 (HP: 71 / 10.0 ft) Weapon: Sniper Rifle
[13:43:06] Round Ended - TDM - Stealth & Survive ID 1
[13:43:11] [PTM]preda started TDM ID 1 (Fort Carson)
[13:45:41] * [PTM]preda killed [PTMm]jenkys (HP: 84 / 15.4 ft) Weapon: Sniper Rifle
[13:46:32] * GoshA13 killed [PTMm]Ruggedh (HP: 148 / 14.5 ft) Weapon: Desert Eagle
[13:46:32] Round Ended - TDM - Stealth & Survive ID 1
[13:46:36] [PTM]preda started TDM ID 1 (Fort Carson)
[13:49:16] * [PTM]preda killed [PTMm]jenkys (HP: 50 / 7.7 ft) Weapon: Sniper Rifle
[13:49:46] * GoshA13 killed [PTM]preda (HP: 59 / 4.0 ft) Weapon: Pump Shotgun
[13:49:46] Round Ended - TDM - Stealth & Survive ID 1
[13:49:57] [PTM]preda started TDM ID 1 (Fort Carson)
[13:53:55] * [PTM]preda killed GoshA13 (HP: 104 / 26.8 ft) Weapon: Sniper Rifle
[13:54:41] * [PTMm]jenkys killed [PTM]preda (HP: 104 / 13.8 ft) Weapon: Pump Shotgun
[13:54:42] Round Ended - TDM - Stealth & Survive ID 1
[13:54:51] [PTM]preda started TDM ID 1 (Fort Carson)
[13:57:26] * GoshA13 killed punkers_noname (HP: 157 / 23.2 ft) Weapon: Pump Shotgun
[13:57:48] * [PTM]preda killed [PTMm]jenkys (HP: 50 / 13.5 ft) Weapon: Pump Shotgun
[13:58:09] * [PTM]preda killed GoshA13 (HP: 9 / 31.4 ft) Weapon: Sniper Rifle
[13:58:10] Round Ended - TDM - Stealth & Survive ID 1
[13:58:18] [PTM]preda started TDM ID 1 (Fort Carson)
[13:59:36] * [PTM]preda killed [PTMm]jenkys (HP: 107 / 13.4 ft) Weapon: Pump Shotgun
[14:00:32] * punkers_noname killed GoshA13 (HP: 107 / 10.0 ft) Weapon: Desert Eagle
[14:00:32] Round Ended - TDM - Stealth & Survive ID 1
[14:00:37] [PTM]preda started TDM ID 1 (Fort Carson)
[14:02:23] * punkers_noname killed GoshA13 (HP: 153 / 14.1 ft) Weapon: Pump Shotgun
[14:02:48] * punkers_noname killed [PTMm]jenkys (HP: 107 / 14.9 ft) Weapon: Sniper Rifle
[14:02:48] Round Ended - TDM - Stealth & Survive ID 1
